Spark Command: java -cp :/home/pli/spark-0.9.0-incubating/conf:/home/pli/spark-0.9.0-incubating/assembly/target/scala-2.10/spark-assembly-0.9.0-incubating-hadoop1.0.4.jar -Dspark.akka.logLifecycleEvents=true -Djava.library.path= -Xms1g -Xmx1g org.apache.spark.deploy.master.Master --ip pr01.uml.edu --port 7077 --webui-port 8080
========================================

14/02/25 10:11:32 INFO Slf4jLogger: Slf4jLogger started
14/02/25 10:11:33 INFO Remoting: Starting remoting
14/02/25 10:11:35 INFO Remoting: Remoting started; listening on addresses :[akka.tcp://sparkMaster@pr01.uml.edu:7077]
14/02/25 10:11:38 INFO Master: Starting Spark master at spark://pr01.uml.edu:7077
14/02/25 10:11:38 INFO MasterWebUI: Started Master web UI at http://pr01.uml.edu:8080
14/02/25 10:11:39 INFO Master: I have been elected leader! New state: ALIVE
14/02/25 10:11:40 INFO Master: Registering worker pr01.uml.edu:36231 with 2 cores, 908.0 MB RAM
14/02/25 10:11:48 INFO Master: Registering worker pr01.uml.edu:57292 with 2 cores, 942.0 MB RAM
14/02/25 10:12:09 INFO Master: Registering app SparkPi
14/02/25 10:12:09 INFO Master: Registered app SparkPi with ID app-20140225101209-0000
14/02/25 10:12:09 INFO Master: Launching executor app-20140225101209-0000/0 on worker worker-20140225101120-plilab.local-57292
14/02/25 10:12:09 INFO Master: Launching executor app-20140225101209-0000/1 on worker worker-20140225101131-plilab2.local-36231
14/02/25 10:12:38 INFO Master: Removing executor app-20140225101209-0000/1 because it is FAILED
14/02/25 10:12:38 INFO Master: Launching executor app-20140225101209-0000/2 on worker worker-20140225101131-plilab2.local-36231
14/02/25 10:12:38 INFO Master: Removing executor app-20140225101209-0000/0 because it is FAILED
14/02/25 10:12:38 INFO Master: Launching executor app-20140225101209-0000/3 on worker worker-20140225101120-plilab.local-57292
14/02/25 10:12:39 INFO LocalActorRef: Message [akka.remote.transport.AssociationHandle$Disassociated] from Actor[akka://sparkMaster/deadLetters] to Actor[akka://sparkMaster/system/transports/akkaprotocolmanager.tcp0/akkaProtocol-tcp%3A%2F%2FsparkMaster%40129.63.205.172%3A38482-3#894089301] was not delivered. [1] dead letters encountered. This logging can be turned off or adjusted with configuration settings 'akka.log-dead-letters' and 'akka.log-dead-letters-during-shutdown'.
14/02/25 10:12:39 INFO LocalActorRef: Message [akka.remote.transport.ActorTransportAdapter$DisassociateUnderlying] from Actor[akka://sparkMaster/deadLetters] to Actor[akka://sparkMaster/system/transports/akkaprotocolmanager.tcp0/akkaProtocol-tcp%3A%2F%2FsparkMaster%40129.63.205.172%3A38482-3#894089301] was not delivered. [2] dead letters encountered. This logging can be turned off or adjusted with configuration settings 'akka.log-dead-letters' and 'akka.log-dead-letters-during-shutdown'.
14/02/25 10:12:39 INFO Master: akka.tcp://spark@pr01.uml.edu:45222 got disassociated, removing it.
14/02/25 10:12:39 INFO Master: Removing app app-20140225101209-0000
14/02/25 10:12:39 WARN Master: Got status update for unknown executor app-20140225101209-0000/2
14/02/25 10:12:39 WARN Master: Got status update for unknown executor app-20140225101209-0000/3
14/02/25 10:24:05 INFO Master: Registering app SparkHdfsLR
14/02/25 10:24:05 INFO Master: Registered app SparkHdfsLR with ID app-20140225102405-0001
14/02/25 10:24:05 INFO Master: Launching executor app-20140225102405-0001/0 on worker worker-20140225101120-plilab.local-57292
14/02/25 10:24:05 INFO Master: Launching executor app-20140225102405-0001/1 on worker worker-20140225101131-plilab2.local-36231
14/02/25 10:24:24 INFO Master: akka.tcp://spark@pr01.uml.edu:38361 got disassociated, removing it.
14/02/25 10:24:24 INFO Master: Removing app app-20140225102405-0001
14/02/25 10:24:24 INFO Master: akka.tcp://spark@pr01.uml.edu:38361 got disassociated, removing it.
14/02/25 10:24:24 INFO LocalActorRef: Message [akka.remote.transport.ActorTransportAdapter$DisassociateUnderlying] from Actor[akka://sparkMaster/deadLetters] to Actor[akka://sparkMaster/system/transports/akkaprotocolmanager.tcp0/akkaProtocol-tcp%3A%2F%2FsparkMaster%40129.63.205.172%3A40163-4#-2046901980] was not delivered. [3] dead letters encountered. This logging can be turned off or adjusted with configuration settings 'akka.log-dead-letters' and 'akka.log-dead-letters-during-shutdown'.
14/02/25 10:24:25 INFO Master: akka.tcp://spark@pr01.uml.edu:38361 got disassociated, removing it.
14/02/25 10:24:25 ERROR EndpointWriter: AssociationError [akka.tcp://sparkMaster@pr01.uml.edu:7077] -> [akka.tcp://spark@pr01.uml.edu:38361]: Error [Association failed with [akka.tcp://spark@pr01.uml.edu:38361]] [
akka.remote.EndpointAssociationException: Association failed with [akka.tcp://spark@pr01.uml.edu:38361]
Caused by: akka.remote.transport.netty.NettyTransport$$anonfun$associate$1$$anon$2: Connection refused: pr01.uml.edu/129.63.205.172:38361
]
14/02/25 10:24:25 INFO Master: akka.tcp://spark@pr01.uml.edu:38361 got disassociated, removing it.
14/02/25 10:24:25 ERROR EndpointWriter: AssociationError [akka.tcp://sparkMaster@pr01.uml.edu:7077] -> [akka.tcp://spark@pr01.uml.edu:38361]: Error [Association failed with [akka.tcp://spark@pr01.uml.edu:38361]] [
akka.remote.EndpointAssociationException: Association failed with [akka.tcp://spark@pr01.uml.edu:38361]
Caused by: akka.remote.transport.netty.NettyTransport$$anonfun$associate$1$$anon$2: Connection refused: pr01.uml.edu/129.63.205.172:38361
]
14/02/25 10:24:25 INFO Master: akka.tcp://spark@pr01.uml.edu:38361 got disassociated, removing it.
14/02/25 10:24:25 ERROR EndpointWriter: AssociationError [akka.tcp://sparkMaster@pr01.uml.edu:7077] -> [akka.tcp://spark@pr01.uml.edu:38361]: Error [Association failed with [akka.tcp://spark@pr01.uml.edu:38361]] [
akka.remote.EndpointAssociationException: Association failed with [akka.tcp://spark@pr01.uml.edu:38361]
Caused by: akka.remote.transport.netty.NettyTransport$$anonfun$associate$1$$anon$2: Connection refused: pr01.uml.edu/129.63.205.172:38361
]
14/02/25 10:24:25 WARN Master: Got status update for unknown executor app-20140225102405-0001/1
14/02/25 10:24:25 WARN Master: Got status update for unknown executor app-20140225102405-0001/0
14/02/25 10:26:16 INFO Master: Registering app GroupBy Test
14/02/25 10:26:16 INFO Master: Registered app GroupBy Test with ID app-20140225102616-0002
14/02/25 10:26:16 INFO Master: Launching executor app-20140225102616-0002/0 on worker worker-20140225101120-plilab.local-57292
14/02/25 10:26:16 INFO Master: Launching executor app-20140225102616-0002/1 on worker worker-20140225101131-plilab2.local-36231
14/02/25 10:26:50 INFO Master: akka.tcp://spark@pr01.uml.edu:51224 got disassociated, removing it.
14/02/25 10:26:50 INFO Master: Removing app app-20140225102616-0002
14/02/25 10:26:50 INFO Master: akka.tcp://spark@pr01.uml.edu:51224 got disassociated, removing it.
14/02/25 10:26:50 INFO LocalActorRef: Message [akka.remote.transport.ActorTransportAdapter$DisassociateUnderlying] from Actor[akka://sparkMaster/deadLetters] to Actor[akka://sparkMaster/system/transports/akkaprotocolmanager.tcp0/akkaProtocol-tcp%3A%2F%2FsparkMaster%40129.63.205.172%3A40476-8#1184139545] was not delivered. [4] dead letters encountered. This logging can be turned off or adjusted with configuration settings 'akka.log-dead-letters' and 'akka.log-dead-letters-during-shutdown'.
14/02/25 10:26:50 ERROR EndpointWriter: AssociationError [akka.tcp://sparkMaster@pr01.uml.edu:7077] -> [akka.tcp://spark@pr01.uml.edu:51224]: Error [Association failed with [akka.tcp://spark@pr01.uml.edu:51224]] [
akka.remote.EndpointAssociationException: Association failed with [akka.tcp://spark@pr01.uml.edu:51224]
Caused by: akka.remote.transport.netty.NettyTransport$$anonfun$associate$1$$anon$2: Connection refused: pr01.uml.edu/129.63.205.172:51224
]
14/02/25 10:26:50 INFO Master: akka.tcp://spark@pr01.uml.edu:51224 got disassociated, removing it.
14/02/25 10:26:50 INFO Master: akka.tcp://spark@pr01.uml.edu:51224 got disassociated, removing it.
14/02/25 10:26:50 ERROR EndpointWriter: AssociationError [akka.tcp://sparkMaster@pr01.uml.edu:7077] -> [akka.tcp://spark@pr01.uml.edu:51224]: Error [Association failed with [akka.tcp://spark@pr01.uml.edu:51224]] [
akka.remote.EndpointAssociationException: Association failed with [akka.tcp://spark@pr01.uml.edu:51224]
Caused by: akka.remote.transport.netty.NettyTransport$$anonfun$associate$1$$anon$2: Connection refused: pr01.uml.edu/129.63.205.172:51224
]
14/02/25 10:26:50 INFO Master: akka.tcp://spark@pr01.uml.edu:51224 got disassociated, removing it.
14/02/25 10:26:50 ERROR EndpointWriter: AssociationError [akka.tcp://sparkMaster@pr01.uml.edu:7077] -> [akka.tcp://spark@pr01.uml.edu:51224]: Error [Association failed with [akka.tcp://spark@pr01.uml.edu:51224]] [
akka.remote.EndpointAssociationException: Association failed with [akka.tcp://spark@pr01.uml.edu:51224]
Caused by: akka.remote.transport.netty.NettyTransport$$anonfun$associate$1$$anon$2: Connection refused: pr01.uml.edu/129.63.205.172:51224
]
14/02/25 10:26:51 WARN Master: Got status update for unknown executor app-20140225102616-0002/1
14/02/25 10:26:51 WARN Master: Got status update for unknown executor app-20140225102616-0002/0
14/02/25 14:05:38 WARN Master: Removing worker-20140225101131-plilab2.local-36231 because we got no heartbeat in 60 seconds
14/02/25 14:05:38 INFO Master: Removing worker worker-20140225101131-plilab2.local-36231 on plilab2.local:36231
14/02/25 14:20:26 INFO Master: akka.tcp://sparkWorker@plilab2.local:36231 got disassociated, removing it.
14/02/25 14:20:26 INFO LocalActorRef: Message [akka.remote.transport.AssociationHandle$Disassociated] from Actor[akka://sparkMaster/deadLetters] to Actor[akka://sparkMaster/system/transports/akkaprotocolmanager.tcp0/akkaProtocol-tcp%3A%2F%2FsparkMaster%40129.63.205.57%3A44595-1#1243960803] was not delivered. [5] dead letters encountered. This logging can be turned off or adjusted with configuration settings 'akka.log-dead-letters' and 'akka.log-dead-letters-during-shutdown'.
14/02/25 14:20:26 INFO Master: akka.tcp://sparkWorker@plilab2.local:36231 got disassociated, removing it.
14/02/25 14:20:26 INFO LocalActorRef: Message [akka.remote.transport.ActorTransportAdapter$DisassociateUnderlying] from Actor[akka://sparkMaster/deadLetters] to Actor[akka://sparkMaster/system/transports/akkaprotocolmanager.tcp0/akkaProtocol-tcp%3A%2F%2FsparkMaster%40129.63.205.57%3A44595-1#1243960803] was not delivered. [6] dead letters encountered. This logging can be turned off or adjusted with configuration settings 'akka.log-dead-letters' and 'akka.log-dead-letters-during-shutdown'.
14/02/25 14:20:31 INFO Master: akka.tcp://sparkWorker@plilab2.local:36231 got disassociated, removing it.
14/02/25 14:20:31 WARN Remoting: Tried to associate with unreachable remote address [akka.tcp://sparkWorker@plilab2.local:36231]. Address is now gated for 60000 ms, all messages to this address will be delivered to dead letters.
14/02/25 14:20:31 INFO LocalActorRef: Message [akka.actor.FSM$Timer] from Actor[akka://sparkMaster/deadLetters] to Actor[akka://sparkMaster/system/endpointManager/reliableEndpointWriter-akka.tcp%3A%2F%2FsparkWorker%40plilab2.local%3A36231-0/endpointWriter#-428230141] was not delivered. [7] dead letters encountered. This logging can be turned off or adjusted with configuration settings 'akka.log-dead-letters' and 'akka.log-dead-letters-during-shutdown'.
14/02/27 14:30:38 WARN Master: Removing worker-20140225101120-plilab.local-57292 because we got no heartbeat in 60 seconds
14/02/27 14:30:38 INFO Master: Removing worker worker-20140225101120-plilab.local-57292 on plilab.local:57292
14/02/27 14:57:16 INFO Master: akka.tcp://sparkWorker@plilab.local:57292 got disassociated, removing it.
14/02/27 14:57:16 INFO Master: akka.tcp://sparkWorker@plilab.local:57292 got disassociated, removing it.
14/02/27 14:57:16 INFO LocalActorRef: Message [akka.remote.transport.AssociationHandle$Disassociated] from Actor[akka://sparkMaster/deadLetters] to Actor[akka://sparkMaster/system/transports/akkaprotocolmanager.tcp0/akkaProtocol-tcp%3A%2F%2FsparkMaster%40129.63.205.3%3A34201-2#513124207] was not delivered. [8] dead letters encountered. This logging can be turned off or adjusted with configuration settings 'akka.log-dead-letters' and 'akka.log-dead-letters-during-shutdown'.
14/02/27 14:57:16 INFO LocalActorRef: Message [akka.remote.transport.ActorTransportAdapter$DisassociateUnderlying] from Actor[akka://sparkMaster/deadLetters] to Actor[akka://sparkMaster/system/transports/akkaprotocolmanager.tcp0/akkaProtocol-tcp%3A%2F%2FsparkMaster%40129.63.205.3%3A34201-2#513124207] was not delivered. [9] dead letters encountered. This logging can be turned off or adjusted with configuration settings 'akka.log-dead-letters' and 'akka.log-dead-letters-during-shutdown'.
14/02/27 14:57:21 WARN Remoting: Tried to associate with unreachable remote address [akka.tcp://sparkWorker@plilab.local:57292]. Address is now gated for 60000 ms, all messages to this address will be delivered to dead letters.
14/02/27 14:57:21 INFO Master: akka.tcp://sparkWorker@plilab.local:57292 got disassociated, removing it.
14/02/27 14:57:21 INFO LocalActorRef: Message [akka.actor.FSM$Timer] from Actor[akka://sparkMaster/deadLetters] to Actor[akka://sparkMaster/system/endpointManager/reliableEndpointWriter-akka.tcp%3A%2F%2FsparkWorker%40plilab.local%3A57292-1/endpointWriter#261667937] was not delivered. [10] dead letters encountered. This logging can be turned off or adjusted with configuration settings 'akka.log-dead-letters' and 'akka.log-dead-letters-during-shutdown'.
